Type error: Type mismatch: expected CommandResult, found Int at 112:9
Type error: Type mismatch: expected Int, found CommandResult at 113:36
Type error: Type mismatch: expected CommandResult, found Int at 146:9
Type error: Type mismatch: expected Int, found CommandResult at 152:32
Type error: Type mismatch: expected String, found CommandResult at 164:39
Type error: Type mismatch: expected Void, found ?? at 96:5
Type error: Variable 'errors' is already defined at 103:9
Type error: Type mismatch: expected Void, found ?? at 296:5
Type error: Type mismatch: expected Void, found ?? at 300:5
Type error: Type mismatch: expected Void, found ?? at 304:5
Type error: Type mismatch: expected Void, found ?? at 308:5
Type error: Type mismatch: expected Void, found ?? at 312:5
Type error: Type mismatch: expected Void, found ?? at 349:5
Type error: Unknown field 'executionTime' in struct 'BenchmarkResult' at 276:37
Type error: Unknown field 'opsPerSecond' in struct 'BenchmarkResult' at 276:37
Type error: Unknown field 'success' in struct 'BenchmarkResult' at 276:37
Type error: Type mismatch: expected Void, found Void? at 421:5
Type error: Type mismatch: expected Void, found ?? at 117:5
Type error: Type mismatch: expected Void, found ?? at 213:5
Type error: Type mismatch: expected Void, found ?? at 564:5
Type error: Type mismatch: expected Void, found Void? at 410:5
Type error: Type mismatch: expected Void, found ?? at 568:5
Type error: Type mismatch: expected Void, found ?? at 572:5
Type error: Type mismatch: expected Void, found ?? at 266:5
Type error: Type mismatch: expected Void, found ?? at 149:5
Type error: Type mismatch: expected Void, found ?? at 76:5
Type error: Type mismatch: expected Void, found () at 96:5
Type error: Type mismatch: expected Void, found () at 106:5
Type error: Type mismatch: expected Void, found () at 110:5
Type error: Type mismatch: expected Void, found () at 114:5
Type error: Type mismatch: expected Void, found () at 118:5
Type error: Type mismatch: expected Void, found () at 122:5
Type error: Type mismatch: expected Void, found () at 18:5
Type error: Type mismatch: expected Void, found () at 22:5
Type error: Type mismatch: expected Void, found () at 16:5
Type error: Type mismatch: expected Void, found () at 6:5
Type error: Type mismatch: expected TokenType, found String at 507:83
Type error: Invalid operation '==' for types TokenType and String at 582:44
Type error: Type mismatch: expected Type, found ?? at 588:9
Type error: Type mismatch: expected Expression, found ?? at 621:9
Type error: Invalid operation '==' for types TokenType and String at 869:56
Type error: Type mismatch: expected Type, found ?? at 939:9
Type error: Type mismatch: expected Expression, found ?? at 957:9
Type error: Invalid operation '==' for types TokenType and String at 1045:44
Type error: Type mismatch: expected Array<Parameter>, found Type at 83:32
Type error: Type mismatch: expected Array<Type>, found Bool at 152:28
Type error: Type mismatch: expected Expression, found ?? at 222:9
Type error: Type mismatch: expected Void, found ?? at 559:5
Type error: Type mismatch: expected Void, found Token? at 644:5
Type error: Unknown field 'line' in struct 'Expression' at 662:25
Type error: Unknown field 'column' in struct 'Expression' at 662:42
Type error: Unknown field 'line' in struct 'Expression' at 672:22
Type error: Unknown field 'column' in struct 'Expression' at 672:36
Type error: Type mismatch: expected Void, found ??? at 187:5
Type error: Type mismatch: expected Void, found () at 8:5
Type error: Type mismatch: expected Void, found () at 6:5
Type error: Type mismatch: expected Void, found ?? at 332:5
Type error: Type mismatch: expected Void, found ?? at 367:5
Type error: Type mismatch: expected Void, found () at 7:1
Type error: Type mismatch: expected Never, found () at 13:1
Type error: Type mismatch: expected T, found () at 17:1
Type error: Type mismatch: expected T, found () at 24:1
Type error: Undefined function 'runShellCommand' at 121:40
Error: Categorised { kind: TypeChecker, message: "Type mismatch: expected CommandResult, found Int at 112:9", location: Some(ErrorLocation { line: 112, column: 9, offset: 3193 }) }
